<?xml version="1.0" encoding="UTF-8"?>
<testsuite xmlns:xsi="http://www.w3.org/2001/XMLSchema-instance" xsi:noNamespaceSchemaLocation="https://maven.apache.org/surefire/maven-surefire-plugin/xsd/surefire-test-report-3.0.xsd" version="3.0" name="com.example.tests.JuiceShopTest" time="5.032" tests="3" errors="1" skipped="0" failures="0">
  <properties>
[...]
</properties>
  <testcase name="performDefaultSearch" classname="com.example.tests.JuiceShopTest" time="2.103"/>
  <testcase name="createCustomerSuccessfully" classname="com.example.tests.JuiceShopTest" time="1.092"/>
  <testcase name="addProductToCart" classname="com.example.tests.JuiceShopTest" time="0.951">
    <error type="com.fasterxml.jackson.databind.exc.InvalidFormatException"><![CDATA[com.fasterxml.jackson.databind.exc.InvalidFormatException: 
Cannot deserialize value of type `int` from String "eyJ0eXAiOiJKV1QiLCJhbGciOiJSUzI1NiJ9.eyJzdGF0dXMiOiJzdWNjZXNzIiwiZGF0YSI6eyJpZCI6NjcsInVzZXJuYW1lIjoiIiwiZW1haWwiOiJ0ZXN0ODQ1QGdtYWlsLmNvbSIsInBhc3N3b3JkIjoiZDAwZjVkNTIxNzg5NmZiN2ZkNjAxNDEyY2I4OTA4MzAiLCJyb2xlIjoiY3VzdG9tZXIiLCJkZWx1eGVUb2tlbiI6IiIsImxhc3RMb2dpbklwIjoiMC4wLjAuMCIsInByb2ZpbGVJbWFnZSI6Ii9hc3NldHMvcHVibGljL2ltYWdlcy91cGxvYWRzL2RlZmF1bHQuc3ZnIiwidG90cFNlY3JldCI6IiIsImlzQWN0aXZlIjp0cnVlLCJjcmVhdGVkQXQiOiIyMDIxLTA5LTIyIDA3OjU5OjM0LjcyNSArMDA6MDAiLCJ1cGRhdGVkQXQiOiIyMDIxLTA5LTIyIDA3OjU]...[wIjoiMC4wLjAuMCIsInByb2ZpbGVJbWFnZSI6Ii9hc3NldHMvcHVibGljL2ltYWdlcy91cGxvYWRzL2RlZmF1bHQuc3ZnIiwidG90cFNlY3JldCI6IiIsImlzQWN0aXZlIjp0cnVlLCJjcmVhdGVkQXQiOiIyMDIxLTA5LTIyIDA3OjU5OjM0LjcyNSArMDA6MDAiLCJ1cGRhdGVkQXQiOiIyMDIxLTA5LTIyIDA3OjU5OjM0LjcyNSArMDA6MDAiLCJkZWxldGVkQXQiOm51bGx9LCJpYXQiOjE2MzIyOTgzMTUsImV4cCI6MTYzMjMxNjMxNX0.KvrzOir2UzcLeykm-69AM4fZjfuTpsCHzOgCs3w2khtokJl3GTz92msVueGt9MekcLNxW1yuzpOQ6dORI6AB80hJkouqiWclE50wY3_QQe7xPwyapHZ1lVI7Vnl7e_5QQRw-U0BicqJRsJXaioPjNwi_1_lQ-jUf_Ootdyb0r0c": not a valid Integer value
 at [Source: (String)"{"authentication":{"token":"eyJ0eXAiOiJKV1QiLCJhbGciOiJSUzI1NiJ9.eyJzdGF0dXMiOiJzdWNjZXNzIiwiZGF0YSI6eyJpZCI6NjcsInVzZXJuYW1lIjoiIiwiZW1haWwiOiJ0ZXN0ODQ1QGdtYWlsLmNvbSIsInBhc3N3b3JkIjoiZDAwZjVkNTIxNzg5NmZiN2ZkNjAxNDEyY2I4OTA4MzAiLCJyb2xlIjoiY3VzdG9tZXIiLCJkZWx1eGVUb2tlbiI6IiIsImxhc3RMb2dpbklwIjoiMC4wLjAuMCIsInByb2ZpbGVJbWFnZSI6Ii9hc3NldHMvcHVibGljL2ltYWdlcy91cGxvYWRzL2RlZmF1bHQuc3ZnIiwidG90cFNlY3JldCI6IiIsImlzQWN0aXZlIjp0cnVlLCJjcmVhdGVkQXQiOiIyMDIxLTA5LTIyIDA3OjU5OjM0LjcyNSArMDA6MDAiLCJ1cGRhdGV"[truncated 331 chars]; line: 1, column: 28] (through reference chain: com.example.models.LoginResponse["authentication"]->com.example.models.Authentication["token"])
	at com.example.tests.JuiceShopTest.addProductToCart(JuiceShopTest.java:49)
]]></error>
  </testcase>
</testsuite>